<?xml version="1.0" encoding="UTF-8" standalone="yes"?>
<!DOCTYPE report PUBLIC "-//JACOCO//DTD Report 1.1//EN" "report.dtd">
<report name="sample-maven">
    <sessioninfo id="host-1" start="1700000000000" dump="1700000005000"/>
    <package name="com/example">
        <class name="com/example/Calculator" sourcefilename="Calculator.java">
            <method name="add" desc="(II)I" line="5">
                <counter type="INSTRUCTION" missed="0" covered="4"/>
                <counter type="LINE" missed="0" covered="1"/>
                <counter type="COMPLEXITY" missed="0" covered="1"/>
                <counter type="METHOD" missed="0" covered="1"/>
            </method>
            <method name="classify" desc="(I)Ljava/lang/String;" line="9">
                <counter type="INSTRUCTION" missed="3" covered="6"/>
                <counter type="BRANCH" missed="1" covered="1"/>
                <counter type="LINE" missed="1" covered="2"/>
                <counter type="COMPLEXITY" missed="1" covered="1"/>
                <counter type="METHOD" missed="0" covered="1"/>
            </method>
            <counter type="INSTRUCTION" missed="3" covered="10"/>
            <counter type="BRANCH" missed="1" covered="1"/>
            <counter type="LINE" missed="1" covered="3"/>
            <counter type="METHOD" missed="0" covered="2"/>
        </class>
        <sourcefile name="Calculator.java">
            <line nr="5" mi="0" ci="4" mb="0" cb="0"/>
            <line nr="9" mi="0" ci="2" mb="1" cb="1"/>
            <line nr="10" mi="0" ci="2" mb="0" cb="0"/>
            <line nr="12" mi="3" ci="0" mb="0" cb="0"/>
            <counter type="INSTRUCTION" missed="3" covered="10"/>
            <counter type="BRANCH" missed="1" covered="1"/>
            <counter type="LINE" missed="1" covered="3"/>
        </sourcefile>
        <counter type="INSTRUCTION" missed="3" covered="10"/>
        <counter type="BRANCH" missed="1" covered="1"/>
        <counter type="LINE" missed="1" covered="3"/>
        <counter type="METHOD" missed="0" covered="2"/>
    </package>
    <counter type="INSTRUCTION" missed="3" covered="10"/>
    <counter type="BRANCH" missed="1" covered="1"/>
    <counter type="LINE" missed="1" covered="3"/>
    <counter type="METHOD" missed="0" covered="2"/>
</report>
