<?xml version="1.0" encoding="utf-8"?>
<coverage line-rate="0.75" branch-rate="0.5" version="1.9" timestamp="1700000000" lines-covered="3" lines-valid="4" branches-covered="1" branches-valid="2">
  <sources>
    <source>/home/runner/work/App</source>
  </sources>
  <packages>
    <package name="App" line-rate="0.75" branch-rate="0.5" complexity="2">
      <classes>
        <class name="App.Calculator" filename="App/Calculator.cs" line-rate="0.75" branch-rate="0.5" complexity="2">
          <methods>
            <method name="Add" signature="(System.Int32,System.Int32)" line-rate="1" branch-rate="1">
              <lines>
                <line number="5" hits="1" branch="false" />
              </lines>
            </method>
            <method name="Classify" signature="(System.Int32)" line-rate="0.6666667" branch-rate="0.5">
              <lines>
                <line number="9" hits="2" branch="true" condition-coverage="50% (1/2)">
                  <conditions>
                    <condition number="0" type="jump" coverage="50%" />
                  </conditions>
                </line>
                <line number="10" hits="2" branch="false" />
                <line number="12" hits="0" branch="false" />
              </lines>
            </method>
          </methods>
          <lines>
            <line number="5" hits="1" branch="false" />
            <line number="9" hits="2" branch="true" condition-coverage="50% (1/2)">
              <conditions>
                <condition number="0" type="jump" coverage="50%" />
              </conditions>
            </line>
            <line number="10" hits="2" branch="false" />
            <line number="12" hits="0" branch="false" />
          </lines>
        </class>
      </classes>
    </package>
  </packages>
</coverage>
